--------------------------------------------------------------------------------
                                                                   mHM-UFZ v-5.6
                                                    L. Samaniego & R. Kumar, UFZ
--------------------------------------------------------------------------------

         M A I N  mHM  C O N F I G U R A T I O N  I N F O R M A T I O N         

Number of basins                       1
Total No. of nodes                    19
Total No. of reaches                  18
No. of cells L0                    21025
No. of cells L1                       19
No. of cells L11                      19
Total No. of gauges                    1
Time Step [h]                          1
Basin   1   Hydrology Resolution [m]              24000.
Basin   1   Routing Resolution [m]                24000.
Flag READ  restart                     F
Flag WRITE restart                     T

-------------------------------------------------------------
                      Model Run Periods for Basin          1
-------------------------------------------------------------
                                       From                To
                            Day Month  Year   Day Month  Year
Warming Period (1)            1     3  1993    28     2  1993
Evaluation Period (2)         1     3  1993     3     3  2009
Simulation Period (1)+(2)     1     3  1993     3     3  2009


--------------------------------------------------
       Land Cover Observations for Basin         2
--------------------------------------------------
      Year    Land cover scene     Land Cover File

      1993                   1         lc_1990.asc
      1994                   1         lc_1990.asc
      1995                   1         lc_1990.asc
      1996                   2         lc_2000.asc
      1997                   2         lc_2000.asc
      1998                   2         lc_2000.asc
      1999                   2         lc_2000.asc
      2000                   2         lc_2000.asc
      2001                   2         lc_2000.asc
      2002                   2         lc_2000.asc
      2003                   2         lc_2000.asc
      2004                   3         lc_2006.asc
      2005                   3         lc_2006.asc
      2006                   3         lc_2006.asc
      2007                   3         lc_2006.asc
      2008                   3         lc_2006.asc
      2009                   3         lc_2006.asc

-------------------------------------------------------
  Initial Transfer Function Parameter Ranges (gammas)  
-------------------------------------------------------
         i            min            max        current                               name
         1          0.150          0.400          0.150           canopyInterceptionFactor
         2         -2.000          2.000          1.000           snowTreshholdTemperature
         3          0.000          4.000          1.500             degreeDayFactor_forest
         4          0.000          1.000          0.500         degreeDayFactor_impervious
         5          0.000          2.000          0.500           degreeDayFactor_pervious
         6          0.100          0.900          0.500    increaseDegreeDayFactorByPrecip
         7          0.000          8.000          3.000          maxDegreeDayFactor_forest
         8          0.000          8.000          3.500      maxDegreeDayFactor_impervious
         9          0.000          8.000          4.000        maxDegreeDayFactor_pervious
        10          0.000         20.000          3.400            orgMatterContent_forest
        11          0.000          1.000          0.100        orgMatterContent_impervious
        12          0.000          4.000          0.600          orgMatterContent_pervious
        13          0.646          0.951          0.760             PTF_lower66_5_constant
        14          0.000          0.003          0.001                 PTF_lower66_5_clay
        15         -0.373         -0.187         -0.264                   PTF_lower66_5_Db
        16          0.536          1.123          0.890            PTF_higher66_5_constant
        17         -0.005          0.005         -0.001                PTF_higher66_5_clay
        18         -0.551         -0.091         -0.324                  PTF_higher66_5_Db
        19         -1.200         -0.285         -0.585                    PTF_Ks_constant
        20          0.006          0.026          0.013                        PTF_Ks_sand
        21          0.003          0.013          0.006                        PTF_Ks_clay
        22         60.960         60.960         60.960                  PTF_Ks_curveSlope
        23          0.900          0.999          0.970     rootFractionCoefficient_forest
        24          0.900          0.950          0.930 rootFractionCoefficient_impervious
        25          0.001          0.090          0.020   rootFractionCoefficient_pervious
        26          1.000          4.000          1.750            infiltrationShapeFactor
        27          0.000          5.000          0.500          imperviousStorageCapacity
        28          0.700          1.300          0.900             minCorrectionFactorPET
        29          0.000          0.200          0.100             maxCorrectionFactorPET
        30        160.000        200.000        180.000                  aspectTresholdPET
        31         75.000        200.000         85.000     interflowStorageCapacityFactor
        32          0.000         10.000          7.000           interflowRecession_slope
        33          1.000          3.000          1.500      fastInterflowRecession_forest
        34          1.000         30.000         15.000          slowInterflowRecession_Ks
        35          0.050          0.300          0.125              exponentSlowInterflow
        36          0.000         50.000         35.000                rechargeCoefficient
        37         -5.000          5.000         -1.000             rechargeFactor_karstic
        38          1.000          1.000          1.000      gain_loss_GWreservoir_karstic
        39          0.100         15.000          1.500                streamflow_celerity
        40          1.000       1000.000        100.000                      GeoParam(1,:)
        41          1.000       1000.000        100.000                      GeoParam(2,:)
        42          1.000       1000.000        100.000                      GeoParam(3,:)
        43          1.000       1000.000        100.000                      GeoParam(4,:)
        44          1.000       1000.000        100.000                      GeoParam(5,:)
        45          1.000       1000.000        100.000                      GeoParam(6,:)
        46          1.000       1000.000        100.000                      GeoParam(7,:)
        47          1.000       1000.000        100.000                      GeoParam(8,:)
        48          1.000       1000.000        100.000                      GeoParam(9,:)
        49          1.000       1000.000        100.000                     GeoParam(10,:)

--------------------------------------------------
                 Basin Runoff Data                
--------------------------------------------------
 Gauge No.  Basin Id     Qmax[m3/s]     Qmin[m3/s]
         1         1       1423.100         30.804

--------------------------------------------------------------------------------
                          Basin-wise Configuration
--------------------------------------------------------------------------------

--------------------------------------------------------------------------------
                                 Directory list
--------------------------------------------------------------------------------
Directory to morphological input             input/morph/                                                                                                                                                                                                                                                    
Directory to land cover input                input/luse/                                                                                                                                                                                                                                                     
Directory to gauging station input           input/gauge/                                                                                                                                                                                                                                                    
Directory to precipitation input             input/meteo/pre/                                                                                                                                                                                                                                                
Directory to temperature input               input/meteo/tavg/                                                                                                                                                                                                                                               
Directory to reference ET input              input/meteo/pet/                                                                                                                                                                                                                                                
Directory to write output by default         output/                                                                                                                                                                                                                                                         
Directory to write output when restarted     restart/                                                                                                                                                                                                                                                        

------------------------------
River Network  (Routing level)
------------------------------
                                           Label 0 = intermediate draining cell 
                                           Label 1 = headwater cell             
                                           Label 2 = sink cell                  

--------------------------------------------------
   Overall      From        To   Routing     Label
      Link   Routing   Routing  Sequence          
        Id      Node      Node                    
--------------------------------------------------
         1         1         2         1         1
         4         4         3         2         1
         5         5         6         3         1
         8         8        12         4         1
         9        10        11         5         1
        13        14        15         6         1
        16        17        16         7         1
        18        19        18         8         1
         2         2         6         9         0
         3         3         7        10         0
         6         6         7        11         0
         7         7        11        12         0
        15        16        12        13         0
        17        18        15        14         0
        14        15        11        15         0
        10        11        12        16         0
        11        12        13        17         0
        12        13         9        18         2

--------------------
   Overall     Basin
      Cell   Routing
        Id   Node Id
--------------------
         1         1
         2         2
         3         3
         4         4
         5         5
         6         6
         7         7
         8         8
         9         9
        10        10
        11        11
        12        12
        13        13
        14        14
        15        15
        16        16
        17        17
        18        18
        19        19

------------------------------
  Modeling   Routing Effective
      Cell   Cell Id      Area
        Id       [-]     [km2]
------------------------------
         1         1   210.750
         2         2   299.750
         3         3   218.500
         4         4    31.250
         5         5   150.500
         6         6   487.250
         7         7   576.000
         8         8   450.500
         9         9   179.500
        10        10   227.000
        11        11   576.000
        12        12   524.500
        13        13   168.500
        14        14    42.750
        15        15   449.250
        16        16   398.750
        17        17    12.000
        18        18    89.500
        19        19   164.000
------------------------------
     Total[km2]       5256.250


